[24-Oct-2015 01:31:44 UTC] PHP Notice:  Undefined index: data in /srv/app-framework-demo/vendor/strannikk/app-framework/framework/App/Application.php on line 121
[24-Oct-2015 01:31:44 UTC] PHP Warning:  stream_wrapper_register(): class 'App_Server_Stream_Wrapper' is undefined in /srv/app-framework-demo/vendor/strannikk/app-framework/framework/App/Application.php on line 152
[24-Oct-2015 01:31:44 UTC] PHP Fatal error:  Call to undefined function console() in /srv/app-framework-demo/application/library/Event/System.php on line 8
[24-Oct-2015 01:32:40 UTC] PHP Warning:  stream_wrapper_register(): class 'App_Server_Stream_Wrapper' is undefined in /srv/app-framework-demo/vendor/strannikk/app-framework/framework/App/Application.php on line 152
[24-Oct-2015 01:32:40 UTC] PHP Fatal error:  Call to undefined function console() in /srv/app-framework-demo/application/library/Event/System.php on line 8
[24-Oct-2015 01:33:19 UTC] PHP Warning:  stream_wrapper_register(): class 'App_Server_Stream_Wrapper' is undefined in /srv/app-framework-demo/vendor/strannikk/app-framework/framework/App/Application.php on line 153
[24-Oct-2015 01:33:19 UTC] PHP Fatal error:  Call to undefined function console() in /srv/app-framework-demo/application/library/Event/System.php on line 8
[24-Oct-2015 01:33:19 UTC] PHP Warning:  stream_wrapper_register(): class 'App_Server_Stream_Wrapper' is undefined in /srv/app-framework-demo/vendor/strannikk/app-framework/framework/App/Application.php on line 153
[24-Oct-2015 01:33:19 UTC] PHP Fatal error:  Call to undefined function console() in /srv/app-framework-demo/application/library/Event/System.php on line 8
[24-Oct-2015 01:33:19 UTC] PHP Warning:  stream_wrapper_register(): class 'App_Server_Stream_Wrapper' is undefined in /srv/app-framework-demo/vendor/strannikk/app-framework/framework/App/Application.php on line 153
[24-Oct-2015 01:33:19 UTC] PHP Fatal error:  Call to undefined function console() in /srv/app-framework-demo/application/library/Event/System.php on line 8
[24-Oct-2015 01:33:20 UTC] PHP Warning:  stream_wrapper_register(): class 'App_Server_Stream_Wrapper' is undefined in /srv/app-framework-demo/vendor/strannikk/app-framework/framework/App/Application.php on line 153
[24-Oct-2015 01:33:20 UTC] PHP Fatal error:  Call to undefined function console() in /srv/app-framework-demo/application/library/Event/System.php on line 8
[24-Oct-2015 01:33:20 UTC] PHP Warning:  stream_wrapper_register(): class 'App_Server_Stream_Wrapper' is undefined in /srv/app-framework-demo/vendor/strannikk/app-framework/framework/App/Application.php on line 153
[24-Oct-2015 01:33:20 UTC] PHP Fatal error:  Call to undefined function console() in /srv/app-framework-demo/application/library/Event/System.php on line 8
[24-Oct-2015 01:33:20 UTC] PHP Warning:  stream_wrapper_register(): class 'App_Server_Stream_Wrapper' is undefined in /srv/app-framework-demo/vendor/strannikk/app-framework/framework/App/Application.php on line 153
[24-Oct-2015 01:33:20 UTC] PHP Fatal error:  Call to undefined function console() in /srv/app-framework-demo/application/library/Event/System.php on line 8
[24-Oct-2015 01:35:09 UTC] PHP Fatal error:  Class 'App_Server_Stream_Wrapper' not found in /srv/app-framework-demo/vendor/strannikk/app-framework/framework/App/Application.php on line 153
[24-Oct-2015 01:35:36 UTC] PHP Warning:  stream_wrapper_register(): class 'App_Server_Stream_Wrapper' is undefined in /srv/app-framework-demo/vendor/strannikk/app-framework/framework/App/Application.php on line 153
[24-Oct-2015 01:35:36 UTC] PHP Notice:  Undefined index: data in /srv/app-framework-demo/vendor/strannikk/app-framework/framework/App/Server/Response.php on line 52
[24-Oct-2015 01:35:36 UTC] PHP Warning:  Invalid argument supplied for foreach() in /srv/app-framework-demo/vendor/strannikk/app-framework/framework/App/Debug/Toolbar.php on line 17
[24-Oct-2015 01:36:34 UTC] PHP Warning:  stream_wrapper_register(): class 'App_Server_Stream_Wrapper' is undefined in /srv/app-framework-demo/vendor/strannikk/app-framework/framework/App/Application.php on line 153
[24-Oct-2015 01:36:34 UTC] PHP Notice:  Undefined index: data in /srv/app-framework-demo/vendor/strannikk/app-framework/framework/App/Server/Response.php on line 52
[24-Oct-2015 01:36:34 UTC] PHP Warning:  Invalid argument supplied for foreach() in /srv/app-framework-demo/vendor/strannikk/app-framework/framework/App/Debug/Toolbar.php on line 17
[24-Oct-2015 01:36:36 UTC] PHP Warning:  stream_wrapper_register(): class 'App_Server_Stream_Wrapper' is undefined in /srv/app-framework-demo/vendor/strannikk/app-framework/framework/App/Application.php on line 153
[24-Oct-2015 01:36:36 UTC] PHP Notice:  Undefined index: data in /srv/app-framework-demo/vendor/strannikk/app-framework/framework/App/Server/Response.php on line 52
[24-Oct-2015 01:36:36 UTC] PHP Warning:  Invalid argument supplied for foreach() in /srv/app-framework-demo/vendor/strannikk/app-framework/framework/App/Debug/Toolbar.php on line 17
[24-Oct-2015 01:36:37 UTC] PHP Warning:  stream_wrapper_register(): class 'App_Server_Stream_Wrapper' is undefined in /srv/app-framework-demo/vendor/strannikk/app-framework/framework/App/Application.php on line 153
[24-Oct-2015 01:36:37 UTC] PHP Notice:  Undefined index: data in /srv/app-framework-demo/vendor/strannikk/app-framework/framework/App/Server/Response.php on line 52
[24-Oct-2015 01:36:37 UTC] PHP Warning:  Invalid argument supplied for foreach() in /srv/app-framework-demo/vendor/strannikk/app-framework/framework/App/Debug/Toolbar.php on line 17
[24-Oct-2015 01:36:38 UTC] PHP Warning:  stream_wrapper_register(): class 'App_Server_Stream_Wrapper' is undefined in /srv/app-framework-demo/vendor/strannikk/app-framework/framework/App/Application.php on line 153
[24-Oct-2015 01:36:38 UTC] PHP Notice:  Undefined index: data in /srv/app-framework-demo/vendor/strannikk/app-framework/framework/App/Server/Response.php on line 52
[24-Oct-2015 01:36:38 UTC] PHP Warning:  Invalid argument supplied for foreach() in /srv/app-framework-demo/vendor/strannikk/app-framework/framework/App/Debug/Toolbar.php on line 17
[24-Oct-2015 01:36:39 UTC] PHP Warning:  stream_wrapper_register(): class 'App_Server_Stream_Wrapper' is undefined in /srv/app-framework-demo/vendor/strannikk/app-framework/framework/App/Application.php on line 153
[24-Oct-2015 01:36:39 UTC] PHP Notice:  Undefined index: data in /srv/app-framework-demo/vendor/strannikk/app-framework/framework/App/Server/Response.php on line 52
[24-Oct-2015 01:36:39 UTC] PHP Warning:  Invalid argument supplied for foreach() in /srv/app-framework-demo/vendor/strannikk/app-framework/framework/App/Debug/Toolbar.php on line 17
[24-Oct-2015 01:36:43 UTC] PHP Warning:  stream_wrapper_register(): class 'App_Server_Stream_Wrapper' is undefined in /srv/app-framework-demo/vendor/strannikk/app-framework/framework/App/Application.php on line 153
[24-Oct-2015 01:36:43 UTC] PHP Notice:  Undefined index: data in /srv/app-framework-demo/vendor/strannikk/app-framework/framework/App/Server/Response.php on line 52
[24-Oct-2015 01:36:43 UTC] PHP Warning:  Invalid argument supplied for foreach() in /srv/app-framework-demo/vendor/strannikk/app-framework/framework/App/Debug/Toolbar.php on line 17
[24-Oct-2015 01:36:43 UTC] PHP Warning:  stream_wrapper_register(): class 'App_Server_Stream_Wrapper' is undefined in /srv/app-framework-demo/vendor/strannikk/app-framework/framework/App/Application.php on line 153
[24-Oct-2015 01:36:43 UTC] PHP Notice:  Undefined index: data in /srv/app-framework-demo/vendor/strannikk/app-framework/framework/App/Server/Response.php on line 52
[24-Oct-2015 01:36:43 UTC] PHP Warning:  Invalid argument supplied for foreach() in /srv/app-framework-demo/vendor/strannikk/app-framework/framework/App/Debug/Toolbar.php on line 17
[24-Oct-2015 13:14:39 UTC] PHP Notice:  Undefined index: data in /srv/app-framework-demo/vendor/strannikk/app-framework/framework/App/Server/Response.php on line 52
[24-Oct-2015 13:14:39 UTC] PHP Warning:  Invalid argument supplied for foreach() in /srv/app-framework-demo/vendor/strannikk/app-framework/framework/App/Debug/Toolbar.php on line 17
[24-Oct-2015 13:16:55 UTC] PHP Notice:  Use of undefined constant START_TIME - assumed 'START_TIME' in /srv/app-framework-demo/vendor/strannikk/app-framework/framework/App/Debug/Toolbar/Phptime.php on line 12
[24-Oct-2015 13:17:00 UTC] PHP Notice:  Use of undefined constant START_TIME - assumed 'START_TIME' in /srv/app-framework-demo/vendor/strannikk/app-framework/framework/App/Debug/Toolbar/Phptime.php on line 12
[24-Oct-2015 13:17:06 UTC] PHP Notice:  Use of undefined constant START_TIME - assumed 'START_TIME' in /srv/app-framework-demo/vendor/strannikk/app-framework/framework/App/Debug/Toolbar/Phptime.php on line 12
[24-Oct-2015 14:48:58 UTC] PHP Notice:  Can't find controller in route config [request path: /css/layouts/adminlogin.css] in /srv/app-framework-demo/vendor/strannikk/app-framework/framework/App/Server/Dispatcher/Http.php on line 63
[24-Oct-2015 14:48:58 UTC] PHP Notice:  Can't find controller in route config [request path: /css/common/extjs/ext-all.css] in /srv/app-framework-demo/vendor/strannikk/app-framework/framework/App/Server/Dispatcher/Http.php on line 63
[24-Oct-2015 14:49:13 UTC] PHP Notice:  Can't find controller in route config [request path: /css/layouts/adminlogin.css] in /srv/app-framework-demo/vendor/strannikk/app-framework/framework/App/Server/Dispatcher/Http.php on line 63
[24-Oct-2015 14:49:13 UTC] PHP Notice:  Can't find controller in route config [request path: /css/common/extjs/ext-all.css] in /srv/app-framework-demo/vendor/strannikk/app-framework/framework/App/Server/Dispatcher/Http.php on line 63
[24-Oct-2015 15:05:26 UTC] PHP Notice:  Can't find action Admin_Login_Controller::sadasdAction() [request path: /admin/login/sadasd] in /srv/app-framework-demo/vendor/strannikk/app-framework/framework/App/Server/Dispatcher/Http.php on line 63
[24-Oct-2015 15:05:41 UTC] PHP Notice:  Can't find controller in route config [request path: /mnmnmnm] in /srv/app-framework-demo/vendor/strannikk/app-framework/framework/App/Server/Dispatcher/Http.php on line 63
[24-Oct-2015 16:36:49 UTC] PHP Warning:  require_once(App/Template.php): failed to open stream: No such file or directory in /srv/app-framework-demo/vendor/strannikk/app-framework/framework/App/Server/View/Php.php on line 125
[24-Oct-2015 16:36:49 UTC] PHP Fatal error:  require_once(): Failed opening required 'App/Template.php' (include_path='../application/models:.:../application/library:../application/controllers:.:/usr/share/php:/usr/share/pear') in /srv/app-framework-demo/vendor/strannikk/app-framework/framework/App/Server/View/Php.php on line 125
[24-Oct-2015 16:38:30 UTC] PHP Warning:  require_once(App/Template.php): failed to open stream: No such file or directory in /srv/app-framework-demo/vendor/strannikk/app-framework/framework/App/Server/View/Php.php on line 125
[24-Oct-2015 16:38:30 UTC] PHP Fatal error:  require_once(): Failed opening required 'App/Template.php' (include_path='../application/models:.:../application/library:../application/controllers:.:/usr/share/php:/usr/share/pear') in /srv/app-framework-demo/vendor/strannikk/app-framework/framework/App/Server/View/Php.php on line 125
[24-Oct-2015 16:38:31 UTC] PHP Warning:  require_once(App/Template.php): failed to open stream: No such file or directory in /srv/app-framework-demo/vendor/strannikk/app-framework/framework/App/Server/View/Php.php on line 125
[24-Oct-2015 16:38:31 UTC] PHP Fatal error:  require_once(): Failed opening required 'App/Template.php' (include_path='../application/models:.:../application/library:../application/controllers:.:/usr/share/php:/usr/share/pear') in /srv/app-framework-demo/vendor/strannikk/app-framework/framework/App/Server/View/Php.php on line 125
[24-Oct-2015 16:38:52 UTC] PHP Warning:  require_once(App/Template.php): failed to open stream: No such file or directory in /srv/app-framework-demo/vendor/strannikk/app-framework/framework/App/Server/View/Php.php on line 125
[24-Oct-2015 16:38:52 UTC] PHP Fatal error:  require_once(): Failed opening required 'App/Template.php' (include_path='../application/models:.:../application/library:../application/controllers:.:/usr/share/php:/usr/share/pear') in /srv/app-framework-demo/vendor/strannikk/app-framework/framework/App/Server/View/Php.php on line 125
[24-Oct-2015 16:38:53 UTC] PHP Warning:  require_once(App/Template.php): failed to open stream: No such file or directory in /srv/app-framework-demo/vendor/strannikk/app-framework/framework/App/Server/View/Php.php on line 125
[24-Oct-2015 16:38:53 UTC] PHP Fatal error:  require_once(): Failed opening required 'App/Template.php' (include_path='../application/models:.:../application/library:../application/controllers:.:/usr/share/php:/usr/share/pear') in /srv/app-framework-demo/vendor/strannikk/app-framework/framework/App/Server/View/Php.php on line 125
[24-Oct-2015 16:38:53 UTC] PHP Warning:  require_once(App/Template.php): failed to open stream: No such file or directory in /srv/app-framework-demo/vendor/strannikk/app-framework/framework/App/Server/View/Php.php on line 125
[24-Oct-2015 16:38:53 UTC] PHP Fatal error:  require_once(): Failed opening required 'App/Template.php' (include_path='../application/models:.:../application/library:../application/controllers:.:/usr/share/php:/usr/share/pear') in /srv/app-framework-demo/vendor/strannikk/app-framework/framework/App/Server/View/Php.php on line 125
[24-Oct-2015 16:38:53 UTC] PHP Warning:  require_once(App/Template.php): failed to open stream: No such file or directory in /srv/app-framework-demo/vendor/strannikk/app-framework/framework/App/Server/View/Php.php on line 125
[24-Oct-2015 16:38:53 UTC] PHP Fatal error:  require_once(): Failed opening required 'App/Template.php' (include_path='../application/models:.:../application/library:../application/controllers:.:/usr/share/php:/usr/share/pear') in /srv/app-framework-demo/vendor/strannikk/app-framework/framework/App/Server/View/Php.php on line 125
